<?xml version="1.0" encoding="UTF-8"?>
<!-- Generated by org.testng.reporters.JUnitReportReporter -->
<testsuite hostname="DESKTOP-R604BD1" name="com.scp.crud.CRUD.PerfomAuthenticationTest" tests="10" failures="0" timestamp="20 Jul 2018 10:17:07 GMT" time="3.565" errors="0">
  <testcase name="perforLogin" time="3.464" classname="com.scp.crud.CRUD.PerfomAuthenticationTest"/>
  <testcase name="perforLogin" time="0.012" classname="com.scp.crud.CRUD.PerfomAuthenticationTest"/>
  <testcase name="perforLogin" time="0.005" classname="com.scp.crud.CRUD.PerfomAuthenticationTest"/>
  <testcase name="perforLogin" time="0.007" classname="com.scp.crud.CRUD.PerfomAuthenticationTest"/>
  <testcase name="perforLogin" time="0.006" classname="com.scp.crud.CRUD.PerfomAuthenticationTest"/>
  <testcase name="perforLogin" time="0.008" classname="com.scp.crud.CRUD.PerfomAuthenticationTest"/>
  <testcase name="perforLogin" time="0.006" classname="com.scp.crud.CRUD.PerfomAuthenticationTest"/>
  <testcase name="perforLogin" time="0.005" classname="com.scp.crud.CRUD.PerfomAuthenticationTest"/>
  <testcase name="perforLogin" time="0.043" classname="com.scp.crud.CRUD.PerfomAuthenticationTest"/>
  <testcase name="perforLogin" time="0.009" classname="com.scp.crud.CRUD.PerfomAuthenticationTest"/>
</testsuite>
